<?xml version="1.0" encoding="UTF-8"?>
<!-- Generated by org.testng.reporters.JUnitReportReporter -->
<testsuite hostname="Alla" failures="0" tests="1" name="CostcoProjectTest" time="8.220" errors="0" timestamp="17 May 2023 00:52:46 GMT">
  <testcase classname="CostcoProjectTest" name="testUntitledTestCase" time="8.220"/>
</testsuite> <!-- CostcoProjectTest -->
